[info] Log at : 2024/4/13|21:34:49|GMT+0700

[info] Log at : 2024/4/13|21:35:10|GMT+0700

[info] Log at : 2024/4/13|21:35:16|GMT+0700

[info] Log at : 2024/4/13|21:38:38|GMT+0700

[info] Log at : 2024/4/13|21:38:42|GMT+0700

[info] Log at : 2024/4/13|22:25:38|GMT+0700

[info] Log at : 2024/4/13|22:25:47|GMT+0700

Log at : 2024/4/20|08:04:44|GMT+0700

Log at : 2024/4/20|08:10:24|GMT+0700

Log at : 2024/4/20|08:10:30|GMT+0700

Log at : 2024/4/20|21:34:31|GMT+0700

Log at : 2024/4/22|17:34:34|GMT+0700

Log at : 2024/4/22|17:34:38|GMT+0700

Log at : 2024/4/22|20:20:27|GMT+0700

Log at : 2024/4/22|20:35:57|GMT+0700

Log at : 2024/4/22|20:49:55|GMT+0700

Log at : 2024/4/25|10:41:12|GMT+0700

Log at : 2024/4/26|09:50:59|GMT+0700

Log at : 2024/4/26|09:51:05|GMT+0700

Log at : 2024/4/26|19:53:03|GMT+0700

Log at : 2024/4/26|23:02:49|GMT+0700

Log at : 2024/4/27|09:31:17|GMT+0700

[Project Close]: Project
Log at : 2024/4/27|15:34:08|GMT+0700

Log at : 2024/4/27|15:34:12|GMT+0700

Log at : 2024/4/27|15:34:31|GMT+0700

[info] Log at : 2024/4/30|22:45:18|GMT+0700

[info] Log at : 2024/5/1|05:21:28|GMT+0700

Log at : 2024/5/1|08:58:58|GMT+0700

<<<<<<< HEAD
Log at : 2024/5/1|08:59:02|GMT+0700

Log at : 2024/5/1|23:37:57|GMT+0700

Log at : 2024/5/1|23:38:04|GMT+0700

=======
<<<<<<< Updated upstream
=======
[info] Log at : 2024/5/1|14:12:25|GMT+0700

>>>>>>> Stashed changes
>>>>>>> 21fd08013554322167b7389d599085e1876d1a84
Log at : 2024/5/2|14:06:43|GMT+0700

Log at : 2024/5/2|14:06:54|GMT+0700

Log at : 2024/5/3|03:08:01|GMT+0700

Log at : 2024/5/3|03:08:18|GMT+0700

Log at : 2024/5/3|09:34:12|GMT+0700

Log at : 2024/5/3|17:13:42|GMT+0700

[info] Log at : 2024/5/3|20:59:29|GMT+0700

