*** Using Compiler 'V5.06 (build 20)', folder: 'C:\Keil_v5\ARM\ARMCC\Bin'
Build target 'Project'
assembling startup_stm32f4xx.s...
compiling stm32f4xx_spi.c...
compiling misc.c...
compiling stm32f4xx_exti.c...
compiling stm32f4xx_gpio.c...
compiling stm32f4xx_it.c...
compiling system_stm32f4xx.c...
compiling stm32f4xx_adc.c...
compiling stm32f4xx_dma.c...
compiling stm32f4xx_rcc.c...
compiling list.c...
compiling croutine.c...
compiling timers.c...
compiling stm32f4xx_tim.c...
compiling heap_2.c...
compiling queue.c...
compiling port.c...
compiling stm32f4xx_syscfg.c...
compiling tasks.c...
compiling stm32f4xx_usart.c...
compiling main.c...
linking...
Program Size: Code=32768 RO-data=456 RW-data=1036 ZI-data=11892  
FromELF: creating hex file...
".\Project\Project.axf" - 0 Error(s), 0 Warning(s).
Build Time Elapsed:  00:00:02
